# JRE version: OpenJDK Runtime Environment (17.0.6) (build 17.0.6+0-b2043.56-10027231)
# Java VM: OpenJDK 64-Bit Server VM (17.0.6+0-b2043.56-10027231, mixed mode, tiered, compressed oops, compressed class ptrs, g1 gc, windows-amd64)
GC Precious Log:
 CPUs: 4 total, 4 available
 Memory: 16290M
 Large Page Support: Disabled
 NUMA Support: Disabled
 Compressed Oops: Enabled (32-bit)
 Heap Region Size: 1M
 Heap Min Capacity: 8M
 Heap Initial Capacity: 256M
 Heap Max Capacity: 2G
 Pre-touch: Disabled
 Parallel Workers: 4
 Concurrent Workers: 1
 Concurrent Refinement Workers: 4
 Periodic GC: Disabled
Heap:
 garbage-first heap   total 549888K, used 451954K [0x0000000080000000, 0x0000000100000000)
  region size 1024K, 5 young (5120K), 5 survivors (5120K)
 Metaspace       used 228437K, committed 229952K, reserved 1253376K
  class space    used 29362K, committed 30080K, reserved 1048576K
GC Heap History (20 events):
Event: 2422.473 GC heap after
{Heap after GC invocations=124 (full 0):
 garbage-first heap   total 549888K, used 401862K [0x0000000080000000, 0x0000000100000000)
  region size 1024K, 4 young (4096K), 4 survivors (4096K)
 Metaspace       used 228218K, committed 229760K, reserved 1253376K
  class space    used 29338K, committed 30080K, reserved 1048576K
}
Event: 2423.341 GC heap before
{Heap before GC invocations=124 (full 0):
 garbage-first heap   total 549888K, used 489926K [0x0000000080000000, 0x0000000100000000)
  region size 1024K, 89 young (91136K), 4 survivors (4096K)
 Metaspace       used 228291K, committed 229824K, reserved 1253376K
  class space    used 29341K, committed 30080K, reserved 1048576K
}
Event: 2423.352 GC heap after
{Heap after GC invocations=125 (full 0):
 garbage-first heap   total 549888K, used 402062K [0x0000000080000000, 0x0000000100000000)
  region size 1024K, 4 young (4096K), 4 survivors (4096K)
 Metaspace       used 228291K, committed 229824K, reserved 1253376K
  class space    used 29341K, committed 30080K, reserved 1048576K
}
Event: 2423.888 GC heap before
{Heap before GC invocations=125 (full 0):
 garbage-first heap   total 549888K, used 488078K [0x0000000080000000, 0x0000000100000000)
  region size 1024K, 88 young (90112K), 4 survivors (4096K)
 Metaspace       used 228313K, committed 229824K, reserved 1253376K
  class space    used 29345K, committed 30080K, reserved 1048576K
}
Event: 2423.901 GC heap after
{Heap after GC invocations=126 (full 0):
 garbage-first heap   total 549888K, used 403123K [0x0000000080000000, 0x0000000100000000)
  region size 1024K, 5 young (5120K), 5 survivors (5120K)
 Metaspace       used 228313K, committed 229824K, reserved 1253376K
  class space    used 29345K, committed 30080K, reserved 1048576K
}
Event: 2424.385 GC heap before
{Heap before GC invocations=126 (full 0):
 garbage-first heap   total 549888K, used 487091K [0x0000000080000000, 0x0000000100000000)
  region size 1024K, 88 young (90112K), 5 survivors (5120K)
 Metaspace       used 228324K, committed 229888K, reserved 1253376K
  class space    used 29345K, committed 30080K, reserved 1048576K
}
Event: 2424.393 GC heap after
{Heap after GC invocations=127 (full 0):
 garbage-first heap   total 549888K, used 401648K [0x0000000080000000, 0x0000000100000000)
  region size 1024K, 4 young (4096K), 4 survivors (4096K)
 Metaspace       used 228324K, committed 229888K, reserved 1253376K
  class space    used 29345K, committed 30080K, reserved 1048576K
}
Event: 2424.857 GC heap before
{Heap before GC invocations=127 (full 0):
 garbage-first heap   total 549888K, used 486640K [0x0000000080000000, 0x0000000100000000)
  region size 1024K, 88 young (90112K), 4 survivors (4096K)
 Metaspace       used 228417K, committed 229952K, reserved 1253376K
  class space    used 29362K, committed 30080K, reserved 1048576K
}
Event: 2424.865 GC heap after
{Heap after GC invocations=128 (full 0):
 garbage-first heap   total 549888K, used 401772K [0x0000000080000000, 0x0000000100000000)
  region size 1024K, 4 young (4096K), 4 survivors (4096K)
 Metaspace       used 228417K, committed 229952K, reserved 1253376K
  class space    used 29362K, committed 30080K, reserved 1048576K
}
Event: 2425.290 GC heap before
{Heap before GC invocations=128 (full 0):
 garbage-first heap   total 549888K, used 488812K [0x0000000080000000, 0x0000000100000000)
  region size 1024K, 88 young (90112K), 4 survivors (4096K)
 Metaspace       used 228427K, committed 229952K, reserved 1253376K
  class space    used 29362K, committed 30080K, reserved 1048576K
}
Event: 2425.301 GC heap after
{Heap after GC invocations=129 (full 0):
 garbage-first heap   total 549888K, used 413262K [0x0000000080000000, 0x0000000100000000)
  region size 1024K, 11 young (11264K), 11 survivors (11264K)
 Metaspace       used 228427K, committed 229952K, reserved 1253376K
  class space    used 29362K, committed 30080K, reserved 1048576K
}
Event: 2425.521 GC heap before
{Heap before GC invocations=129 (full 0):
 garbage-first heap   total 549888K, used 477774K [0x0000000080000000, 0x0000000100000000)
  region size 1024K, 75 young (76800K), 11 survivors (11264K)
 Metaspace       used 228430K, committed 229952K, reserved 1253376K
  class space    used 29362K, committed 30080K, reserved 1048576K
}
Event: 2425.548 GC heap after
{Heap after GC invocations=130 (full 0):
 garbage-first heap   total 549888K, used 424276K [0x0000000080000000, 0x0000000100000000)
  region size 1024K, 10 young (10240K), 10 survivors (10240K)
 Metaspace       used 228430K, committed 229952K, reserved 1253376K
  class space    used 29362K, committed 30080K, reserved 1048576K
}
Event: 2425.635 GC heap before
{Heap before GC invocations=130 (full 0):
 garbage-first heap   total 549888K, used 472404K [0x0000000080000000, 0x0000000100000000)
  region size 1024K, 57 young (58368K), 10 survivors (10240K)
 Metaspace       used 228431K, committed 229952K, reserved 1253376K
  class space    used 29362K, committed 30080K, reserved 1048576K
}
Event: 2425.659 GC heap after
{Heap after GC invocations=131 (full 0):
 garbage-first heap   total 549888K, used 431104K [0x0000000080000000, 0x0000000100000000)
  region size 1024K, 8 young (8192K), 8 survivors (8192K)
 Metaspace       used 228431K, committed 229952K, reserved 1253376K
  class space    used 29362K, committed 30080K, reserved 1048576K
}
Event: 2425.807 GC heap before
{Heap before GC invocations=131 (full 0):
 garbage-first heap   total 549888K, used 474112K [0x0000000080000000, 0x0000000100000000)
  region size 1024K, 50 young (51200K), 8 survivors (8192K)
 Metaspace       used 228432K, committed 229952K, reserved 1253376K
  class space    used 29362K, committed 30080K, reserved 1048576K
}
Event: 2425.835 GC heap after
{Heap after GC invocations=132 (full 0):
 garbage-first heap   total 549888K, used 439091K [0x0000000080000000, 0x0000000100000000)
  region size 1024K, 7 young (7168K), 7 survivors (7168K)
 Metaspace       used 228432K, committed 229952K, reserved 1253376K
  class space    used 29362K, committed 30080K, reserved 1048576K
}
Event: 2425.949 GC heap before
{Heap before GC invocations=132 (full 0):
 garbage-first heap   total 549888K, used 475955K [0x0000000080000000, 0x0000000100000000)
  region size 1024K, 43 young (44032K), 7 survivors (7168K)
 Metaspace       used 228435K, committed 229952K, reserved 1253376K
  class space    used 29362K, committed 30080K, reserved 1048576K
}
Event: 2425.974 GC heap after
{Heap after GC invocations=133 (full 0):
 garbage-first heap   total 549888K, used 445866K [0x0000000080000000, 0x0000000100000000)
  region size 1024K, 6 young (6144K), 6 survivors (6144K)
 Metaspace       used 228435K, committed 229952K, reserved 1253376K
  class space    used 29362K, committed 30080K, reserved 1048576K
}
Event: 2426.068 GC heap before
{Heap before GC invocations=133 (full 0):
 garbage-first heap   total 549888K, used 477610K [0x0000000080000000, 0x0000000100000000)
  region size 1024K, 37 young (37888K), 6 survivors (6144K)
 Metaspace       used 228437K, committed 229952K, reserved 1253376K
  class space    used 29362K, committed 30080K, reserved 1048576K
}

