# JRE version: OpenJDK Runtime Environment (17.0.6) (build 17.0.6+0-b2043.56-10027231)
# Java VM: OpenJDK 64-Bit Server VM (17.0.6+0-b2043.56-10027231, mixed mode, tiered, compressed oops, compressed class ptrs, g1 gc, windows-amd64)
GC Precious Log:
 CPUs: 4 total, 4 available
 Memory: 8098M
 Large Page Support: Disabled
 NUMA Support: Disabled
 Compressed Oops: Enabled (32-bit)
 Heap Region Size: 1M
 Heap Min Capacity: 8M
 Heap Initial Capacity: 128M
 Heap Max Capacity: 2G
 Pre-touch: Disabled
 Parallel Workers: 4
 Concurrent Workers: 1
 Concurrent Refinement Workers: 4
 Periodic GC: Disabled
Heap:
 garbage-first heap   total 124928K, used 89871K [0x0000000080000000, 0x0000000100000000)
  region size 1024K, 24 young (24576K), 4 survivors (4096K)
 Metaspace       used 54048K, committed 54656K, reserved 1097728K
  class space    used 7255K, committed 7552K, reserved 1048576K
GC Heap History (20 events):
Event: 14.107 GC heap before
{Heap before GC invocations=12 (full 0):
 garbage-first heap   total 87040K, used 62343K [0x0000000080000000, 0x0000000100000000)
  region size 1024K, 13 young (13312K), 1 survivors (1024K)
 Metaspace       used 33929K, committed 34304K, reserved 1081344K
  class space    used 4699K, committed 4864K, reserved 1048576K
}
Event: 14.113 GC heap after
{Heap after GC invocations=13 (full 0):
 garbage-first heap   total 87040K, used 50531K [0x0000000080000000, 0x0000000100000000)
  region size 1024K, 2 young (2048K), 2 survivors (2048K)
 Metaspace       used 33929K, committed 34304K, reserved 1081344K
  class space    used 4699K, committed 4864K, reserved 1048576K
}
Event: 14.757 GC heap before
{Heap before GC invocations=13 (full 0):
 garbage-first heap   total 87040K, used 67939K [0x0000000080000000, 0x0000000100000000)
  region size 1024K, 20 young (20480K), 2 survivors (2048K)
 Metaspace       used 37982K, committed 38336K, reserved 1089536K
  class space    used 5175K, committed 5376K, reserved 1048576K
}
Event: 14.767 GC heap after
{Heap after GC invocations=14 (full 0):
 garbage-first heap   total 104448K, used 52198K [0x0000000080000000, 0x0000000100000000)
  region size 1024K, 3 young (3072K), 3 survivors (3072K)
 Metaspace       used 37982K, committed 38336K, reserved 1089536K
  class space    used 5175K, committed 5376K, reserved 1048576K
}
Event: 15.315 GC heap before
{Heap before GC invocations=15 (full 0):
 garbage-first heap   total 104448K, used 80870K [0x0000000080000000, 0x0000000100000000)
  region size 1024K, 32 young (32768K), 3 survivors (3072K)
 Metaspace       used 41847K, committed 42240K, reserved 1089536K
  class space    used 5589K, committed 5760K, reserved 1048576K
}
Event: 15.326 GC heap after
{Heap after GC invocations=16 (full 0):
 garbage-first heap   total 104448K, used 55463K [0x0000000080000000, 0x0000000100000000)
  region size 1024K, 4 young (4096K), 4 survivors (4096K)
 Metaspace       used 41847K, committed 42240K, reserved 1089536K
  class space    used 5589K, committed 5760K, reserved 1048576K
}
Event: 15.428 GC heap before
{Heap before GC invocations=16 (full 0):
 garbage-first heap   total 104448K, used 59559K [0x0000000080000000, 0x0000000100000000)
  region size 1024K, 10 young (10240K), 4 survivors (4096K)
 Metaspace       used 42270K, committed 42624K, reserved 1089536K
  class space    used 5632K, committed 5824K, reserved 1048576K
}
Event: 15.436 GC heap after
{Heap after GC invocations=17 (full 0):
 garbage-first heap   total 104448K, used 56928K [0x0000000080000000, 0x0000000100000000)
  region size 1024K, 2 young (2048K), 2 survivors (2048K)
 Metaspace       used 42270K, committed 42624K, reserved 1089536K
  class space    used 5632K, committed 5824K, reserved 1048576K
}
Event: 16.155 GC heap before
{Heap before GC invocations=18 (full 0):
 garbage-first heap   total 104448K, used 84576K [0x0000000080000000, 0x0000000100000000)
  region size 1024K, 27 young (27648K), 2 survivors (2048K)
 Metaspace       used 46358K, committed 46784K, reserved 1089536K
  class space    used 6145K, committed 6336K, reserved 1048576K
}
Event: 16.161 GC heap after
{Heap after GC invocations=19 (full 0):
 garbage-first heap   total 104448K, used 57992K [0x0000000080000000, 0x0000000100000000)
  region size 1024K, 3 young (3072K), 3 survivors (3072K)
 Metaspace       used 46358K, committed 46784K, reserved 1089536K
  class space    used 6145K, committed 6336K, reserved 1048576K
}
Event: 16.230 GC heap before
{Heap before GC invocations=19 (full 0):
 garbage-first heap   total 104448K, used 60040K [0x0000000080000000, 0x0000000100000000)
  region size 1024K, 5 young (5120K), 3 survivors (3072K)
 Metaspace       used 46589K, committed 46912K, reserved 1089536K
  class space    used 6186K, committed 6336K, reserved 1048576K
}
Event: 16.238 GC heap after
{Heap after GC invocations=20 (full 0):
 garbage-first heap   total 104448K, used 58446K [0x0000000080000000, 0x0000000100000000)
  region size 1024K, 1 young (1024K), 1 survivors (1024K)
 Metaspace       used 46589K, committed 46912K, reserved 1089536K
  class space    used 6186K, committed 6336K, reserved 1048576K
}
Event: 16.515 GC heap before
{Heap before GC invocations=20 (full 0):
 garbage-first heap   total 104448K, used 61518K [0x0000000080000000, 0x0000000100000000)
  region size 1024K, 5 young (5120K), 1 survivors (1024K)
 Metaspace       used 46710K, committed 47104K, reserved 1097728K
  class space    used 6199K, committed 6400K, reserved 1048576K
}
Event: 16.518 GC heap after
{Heap after GC invocations=21 (full 0):
 garbage-first heap   total 104448K, used 59412K [0x0000000080000000, 0x0000000100000000)
  region size 1024K, 2 young (2048K), 2 survivors (2048K)
 Metaspace       used 46710K, committed 47104K, reserved 1097728K
  class space    used 6199K, committed 6400K, reserved 1048576K
}
Event: 16.856 GC heap before
{Heap before GC invocations=22 (full 0):
 garbage-first heap   total 112640K, used 74772K [0x0000000080000000, 0x0000000100000000)
  region size 1024K, 13 young (13312K), 2 survivors (2048K)
 Metaspace       used 47425K, committed 47872K, reserved 1097728K
  class space    used 6281K, committed 6464K, reserved 1048576K
}
Event: 16.860 GC heap after
{Heap after GC invocations=23 (full 0):
 garbage-first heap   total 112640K, used 68017K [0x0000000080000000, 0x0000000100000000)
  region size 1024K, 4 young (4096K), 4 survivors (4096K)
 Metaspace       used 47425K, committed 47872K, reserved 1097728K
  class space    used 6281K, committed 6464K, reserved 1048576K
}
Event: 17.419 GC heap before
{Heap before GC invocations=24 (full 0):
 garbage-first heap   total 119808K, used 86449K [0x0000000080000000, 0x0000000100000000)
  region size 1024K, 22 young (22528K), 4 survivors (4096K)
 Metaspace       used 49747K, committed 50304K, reserved 1097728K
  class space    used 6514K, committed 6720K, reserved 1048576K
}
Event: 17.426 GC heap after
{Heap after GC invocations=25 (full 0):
 garbage-first heap   total 119808K, used 68991K [0x0000000080000000, 0x0000000100000000)
  region size 1024K, 2 young (2048K), 2 survivors (2048K)
 Metaspace       used 49747K, committed 50304K, reserved 1097728K
  class space    used 6514K, committed 6720K, reserved 1048576K
}
Event: 17.944 GC heap before
{Heap before GC invocations=25 (full 0):
 garbage-first heap   total 119808K, used 92543K [0x0000000080000000, 0x0000000100000000)
  region size 1024K, 25 young (25600K), 2 survivors (2048K)
 Metaspace       used 51792K, committed 52416K, reserved 1097728K
  class space    used 6883K, committed 7168K, reserved 1048576K
}
Event: 17.950 GC heap after
{Heap after GC invocations=26 (full 0):
 garbage-first heap   total 119808K, used 70415K [0x0000000080000000, 0x0000000100000000)
  region size 1024K, 4 young (4096K), 4 survivors (4096K)
 Metaspace       used 51792K, committed 52416K, reserved 1097728K
  class space    used 6883K, committed 7168K, reserved 1048576K
}

